Arguments: 
  /usr/local/bin/node /usr/local/Cellar/yarn/1.13.0/libexec/bin/yarn.js

PATH: 
  /usr/local/bin:/usr/bin:/bin:/usr/sbin:/sbin

Yarn version: 
  1.13.0

Node version: 
  11.10.0

Platform: 
  darwin x64

Trace: 
  Error: ENOENT: no such file or directory, copyfile '/Users/nianwangxia/Library/Caches/Yarn/v4/npm-eslint-config-react-app-2.1.0-23c909f71cbaff76b945b831d2d814b8bde169eb/node_modules/eslint-config-react-app/package.json' -> '/Users/nianwangxia/Documents/test/h5-stage2/node_modules/af-webpack/node_modules/eslint-config-react-app/package.json'

npm manifest: 
  {
    "private": true,
    "scripts": {
      "start": "roadhog server",
      "build": "roadhog build",
      "lint": "eslint --ext .js src test",
      "precommit": "npm run lint"
    },
    "dependencies": {
      "antd-mobile": "^2.2.9",
      "dsbridge": "^3.1.4",
      "dva": "^2.4.1",
      "exif-js": "^2.3.0",
      "js-md5": "^0.7.3",
      "moment": "^2.24.0",
      "qs": "^6.7.0",
      "rc-form": "^2.4.3",
      "react": "16.8.4",
      "react-dom": "16.8.4"
    },
    "devDependencies": {
      "babel-plugin-dva-hmr": "^0.3.2",
      "babel-plugin-import": "^1.11.0",
      "babel-plugin-transform-remove-console": "^6.9.4",
      "copy-webpack-plugin": "4.4.1",
      "eslint": "^4.14.0",
      "eslint-config-umi": "1.4.0",
      "eslint-plugin-flowtype": "^2.34.1",
      "eslint-plugin-import": "^2.6.0",
      "eslint-plugin-jsx-a11y": "^5.1.1",
      "eslint-plugin-react": "7.12.4",
      "husky": "^0.12.0",
      "px2rem-loader": "^0.1.9",
      "redbox-react": "^1.4.3",
      "roadhog": "^2.0.0"
    }
  }

yarn manifest: 
  No manifest

Lockfile: 
  No lockfile
